
*** Running vivado
    with args -log cpu.vds -m64 -mode batch -messageDb vivado.pb -notrace -source cpu.tcl


****** Vivado v2015.2 (64-bit)
  **** SW Build 1266856 on Fri Jun 26 16:35:25 MDT 2015
  **** IP Build 1264090 on Wed Jun 24 14:22:01 MDT 2015
    ** Copyright 1986-2015 Xilinx, Inc. All Rights Reserved.

source cpu.tcl -notrace
Command: synth_design -top cpu -part xc7a200tfbg676-2
Starting synth_design
Attempting to get a license for feature 'Synthesis' and/or device 'xc7a200t'
INFO: [Common 17-349] Got license for feature 'Synthesis' and/or device 'xc7a200t'
---------------------------------------------------------------------------------
Starting Synthesize : Time (s): cpu = 00:00:04 ; elapsed = 00:00:05 . Memory (MB): peak = 262.996 ; gain = 86.113
---------------------------------------------------------------------------------
INFO: [Synth 8-638] synthesizing module 'cpu' [D:/Desktop/cpu/cpu.srcs/sources_1/new/cpu.v:13]
INFO: [Synth 8-638] synthesizing module 'inst_mem' [D:/Desktop/cpu/cpu.srcs/sources_1/new/cpu.v:74]
INFO: [Synth 8-4471] merging register 'inst_mem_reg[14][31:0]' into 'inst_mem_reg[15][31:0]' [D:/Desktop/cpu/cpu.srcs/sources_1/new/cpu.v:82]
INFO: [Synth 8-4471] merging register 'inst_mem_reg[13][31:0]' into 'inst_mem_reg[15][31:0]' [D:/Desktop/cpu/cpu.srcs/sources_1/new/cpu.v:82]
INFO: [Synth 8-256] done synthesizing module 'inst_mem' (1#1) [D:/Desktop/cpu/cpu.srcs/sources_1/new/cpu.v:74]
INFO: [Synth 8-638] synthesizing module 'control_unit' [D:/Desktop/cpu/cpu.srcs/sources_1/new/cpu.v:119]
INFO: [Synth 8-256] done synthesizing module 'control_unit' (2#1) [D:/Desktop/cpu/cpu.srcs/sources_1/new/cpu.v:119]
INFO: [Synth 8-638] synthesizing module 'mux_5' [D:/Desktop/cpu/cpu.srcs/sources_1/new/cpu.v:300]
INFO: [Synth 8-256] done synthesizing module 'mux_5' (3#1) [D:/Desktop/cpu/cpu.srcs/sources_1/new/cpu.v:300]
INFO: [Synth 8-638] synthesizing module 'reg_file' [D:/Desktop/cpu/cpu.srcs/sources_1/new/cpu.v:181]
INFO: [Synth 8-256] done synthesizing module 'reg_file' (4#1) [D:/Desktop/cpu/cpu.srcs/sources_1/new/cpu.v:181]
INFO: [Synth 8-638] synthesizing module 'mux_32' [D:/Desktop/cpu/cpu.srcs/sources_1/new/cpu.v:290]
INFO: [Synth 8-256] done synthesizing module 'mux_32' (5#1) [D:/Desktop/cpu/cpu.srcs/sources_1/new/cpu.v:290]
INFO: [Synth 8-638] synthesizing module 'ext' [D:/Desktop/cpu/cpu.srcs/sources_1/new/cpu.v:213]
INFO: [Synth 8-256] done synthesizing module 'ext' (6#1) [D:/Desktop/cpu/cpu.srcs/sources_1/new/cpu.v:213]
INFO: [Synth 8-638] synthesizing module 'alu' [D:/Desktop/cpu/cpu.srcs/sources_1/new/cpu.v:223]
INFO: [Synth 8-256] done synthesizing module 'alu' (7#1) [D:/Desktop/cpu/cpu.srcs/sources_1/new/cpu.v:223]
INFO: [Synth 8-638] synthesizing module 'data_mem' [D:/Desktop/cpu/cpu.srcs/sources_1/new/cpu.v:242]
INFO: [Synth 8-256] done synthesizing module 'data_mem' (8#1) [D:/Desktop/cpu/cpu.srcs/sources_1/new/cpu.v:242]
INFO: [Synth 8-638] synthesizing module 'next_pc' [D:/Desktop/cpu/cpu.srcs/sources_1/new/cpu.v:265]
INFO: [Synth 8-256] done synthesizing module 'next_pc' (9#1) [D:/Desktop/cpu/cpu.srcs/sources_1/new/cpu.v:265]
WARNING: [Synth 8-567] referenced signal 'rst' should be on the sensitivity list [D:/Desktop/cpu/cpu.srcs/sources_1/new/cpu.v:57]
WARNING: [Synth 8-3848] Net sa in module/entity cpu does not have driver. [D:/Desktop/cpu/cpu.srcs/sources_1/new/cpu.v:17]
INFO: [Synth 8-256] done synthesizing module 'cpu' (10#1) [D:/Desktop/cpu/cpu.srcs/sources_1/new/cpu.v:13]
---------------------------------------------------------------------------------
Finished Synthesize : Time (s): cpu = 00:00:05 ; elapsed = 00:00:06 . Memory (MB): peak = 298.176 ; gain = 121.293
---------------------------------------------------------------------------------
---------------------------------------------------------------------------------
Finished Constraint Validation : Time (s): cpu = 00:00:05 ; elapsed = 00:00:07 . Memory (MB): peak = 298.176 ; gain = 121.293
---------------------------------------------------------------------------------
---------------------------------------------------------------------------------
Start Loading Part and Timing Information
---------------------------------------------------------------------------------
Loading part: xc7a200tfbg676-2
---------------------------------------------------------------------------------
Finished Loading Part and Timing Information : Time (s): cpu = 00:00:05 ; elapsed = 00:00:07 . Memory (MB): peak = 298.176 ; gain = 121.293
---------------------------------------------------------------------------------
INFO: [Device 21-403] Loading part xc7a200tfbg676-2
INFO: [Synth 8-5546] ROM "regs_reg[15]" won't be mapped to RAM because it is too sparse
INFO: [Synth 8-5546] ROM "regs_reg[14]" won't be mapped to RAM because it is too sparse
INFO: [Synth 8-5546] ROM "regs_reg[13]" won't be mapped to RAM because it is too sparse
INFO: [Synth 8-5546] ROM "regs_reg[12]" won't be mapped to RAM because it is too sparse
INFO: [Synth 8-5546] ROM "regs_reg[11]" won't be mapped to RAM because it is too sparse
INFO: [Synth 8-5546] ROM "regs_reg[10]" won't be mapped to RAM because it is too sparse
INFO: [Synth 8-5546] ROM "regs_reg[9]" won't be mapped to RAM because it is too sparse
INFO: [Synth 8-5546] ROM "regs_reg[8]" won't be mapped to RAM because it is too sparse
INFO: [Synth 8-5546] ROM "regs_reg[7]" won't be mapped to RAM because it is too sparse
INFO: [Synth 8-5546] ROM "regs_reg[6]" won't be mapped to RAM because it is too sparse
INFO: [Synth 8-5546] ROM "regs_reg[5]" won't be mapped to RAM because it is too sparse
INFO: [Synth 8-5546] ROM "regs_reg[4]" won't be mapped to RAM because it is too sparse
INFO: [Synth 8-5546] ROM "regs_reg[3]" won't be mapped to RAM because it is too sparse
INFO: [Synth 8-5546] ROM "regs_reg[2]" won't be mapped to RAM because it is too sparse
INFO: [Synth 8-5546] ROM "regs_reg[1]" won't be mapped to RAM because it is too sparse
INFO: [Synth 8-5546] ROM "regs_reg[0]" won't be mapped to RAM because it is too sparse
INFO: [Synth 8-3537] HDL ADVISOR - The operator resource <adder> is shared. To prevent sharing consider applying a KEEP on the inputs of the operator [D:/Desktop/cpu/cpu.srcs/sources_1/new/cpu.v:230]
INFO: [Synth 8-5545] ROM "data_reg[63]" won't be mapped to RAM because address size (32) is larger than maximum supported(18)
INFO: [Synth 8-5545] ROM "data_reg[62]" won't be mapped to RAM because address size (32) is larger than maximum supported(18)
INFO: [Synth 8-5545] ROM "data_reg[61]" won't be mapped to RAM because address size (32) is larger than maximum supported(18)
INFO: [Synth 8-5545] ROM "data_reg[60]" won't be mapped to RAM because address size (32) is larger than maximum supported(18)
INFO: [Synth 8-5545] ROM "data_reg[59]" won't be mapped to RAM because address size (32) is larger than maximum supported(18)
INFO: [Synth 8-5545] ROM "data_reg[58]" won't be mapped to RAM because address size (32) is larger than maximum supported(18)
INFO: [Synth 8-5545] ROM "data_reg[57]" won't be mapped to RAM because address size (32) is larger than maximum supported(18)
INFO: [Synth 8-5545] ROM "data_reg[56]" won't be mapped to RAM because address size (32) is larger than maximum supported(18)
INFO: [Synth 8-5545] ROM "data_reg[55]" won't be mapped to RAM because address size (32) is larger than maximum supported(18)
INFO: [Synth 8-5545] ROM "data_reg[54]" won't be mapped to RAM because address size (32) is larger than maximum supported(18)
INFO: [Synth 8-5545] ROM "data_reg[53]" won't be mapped to RAM because address size (32) is larger than maximum supported(18)
INFO: [Synth 8-5545] ROM "data_reg[52]" won't be mapped to RAM because address size (32) is larger than maximum supported(18)
INFO: [Synth 8-5545] ROM "data_reg[51]" won't be mapped to RAM because address size (32) is larger than maximum supported(18)
INFO: [Synth 8-5545] ROM "data_reg[50]" won't be mapped to RAM because address size (32) is larger than maximum supported(18)
INFO: [Synth 8-5545] ROM "data_reg[49]" won't be mapped to RAM because address size (32) is larger than maximum supported(18)
INFO: [Synth 8-5545] ROM "data_reg[48]" won't be mapped to RAM because address size (32) is larger than maximum supported(18)
INFO: [Synth 8-5545] ROM "data_reg[47]" won't be mapped to RAM because address size (32) is larger than maximum supported(18)
INFO: [Synth 8-5545] ROM "data_reg[46]" won't be mapped to RAM because address size (32) is larger than maximum supported(18)
INFO: [Synth 8-5545] ROM "data_reg[45]" won't be mapped to RAM because address size (32) is larger than maximum supported(18)
INFO: [Synth 8-5545] ROM "data_reg[44]" won't be mapped to RAM because address size (32) is larger than maximum supported(18)
INFO: [Synth 8-5545] ROM "data_reg[43]" won't be mapped to RAM because address size (32) is larger than maximum supported(18)
INFO: [Synth 8-5545] ROM "data_reg[42]" won't be mapped to RAM because address size (32) is larger than maximum supported(18)
INFO: [Synth 8-5545] ROM "data_reg[41]" won't be mapped to RAM because address size (32) is larger than maximum supported(18)
INFO: [Synth 8-5545] ROM "data_reg[40]" won't be mapped to RAM because address size (32) is larger than maximum supported(18)
INFO: [Synth 8-5545] ROM "data_reg[39]" won't be mapped to RAM because address size (32) is larger than maximum supported(18)
INFO: [Synth 8-5545] ROM "data_reg[38]" won't be mapped to RAM because address size (32) is larger than maximum supported(18)
INFO: [Synth 8-5545] ROM "data_reg[37]" won't be mapped to RAM because address size (32) is larger than maximum supported(18)
INFO: [Synth 8-5545] ROM "data_reg[36]" won't be mapped to RAM because address size (32) is larger than maximum supported(18)
INFO: [Synth 8-5545] ROM "data_reg[35]" won't be mapped to RAM because address size (32) is larger than maximum supported(18)
INFO: [Synth 8-5545] ROM "data_reg[34]" won't be mapped to RAM because address size (32) is larger than maximum supported(18)
INFO: [Synth 8-5545] ROM "data_reg[33]" won't be mapped to RAM because address size (32) is larger than maximum supported(18)
INFO: [Synth 8-5545] ROM "data_reg[32]" won't be mapped to RAM because address size (32) is larger than maximum supported(18)
INFO: [Synth 8-5545] ROM "data_reg[31]" won't be mapped to RAM because address size (32) is larger than maximum supported(18)
INFO: [Synth 8-5545] ROM "data_reg[30]" won't be mapped to RAM because address size (32) is larger than maximum supported(18)
INFO: [Synth 8-5545] ROM "data_reg[29]" won't be mapped to RAM because address size (32) is larger than maximum supported(18)
INFO: [Synth 8-5545] ROM "data_reg[28]" won't be mapped to RAM because address size (32) is larger than maximum supported(18)
INFO: [Synth 8-5545] ROM "data_reg[27]" won't be mapped to RAM because address size (32) is larger than maximum supported(18)
INFO: [Synth 8-5545] ROM "data_reg[26]" won't be mapped to RAM because address size (32) is larger than maximum supported(18)
INFO: [Synth 8-5545] ROM "data_reg[25]" won't be mapped to RAM because address size (32) is larger than maximum supported(18)
INFO: [Synth 8-5545] ROM "data_reg[24]" won't be mapped to RAM because address size (32) is larger than maximum supported(18)
INFO: [Synth 8-5545] ROM "data_reg[23]" won't be mapped to RAM because address size (32) is larger than maximum supported(18)
INFO: [Synth 8-5545] ROM "data_reg[22]" won't be mapped to RAM because address size (32) is larger than maximum supported(18)
INFO: [Synth 8-5545] ROM "data_reg[21]" won't be mapped to RAM because address size (32) is larger than maximum supported(18)
INFO: [Synth 8-5545] ROM "data_reg[20]" won't be mapped to RAM because address size (32) is larger than maximum supported(18)
INFO: [Synth 8-5545] ROM "data_reg[19]" won't be mapped to RAM because address size (32) is larger than maximum supported(18)
INFO: [Synth 8-5545] ROM "data_reg[18]" won't be mapped to RAM because address size (32) is larger than maximum supported(18)
INFO: [Synth 8-5545] ROM "data_reg[17]" won't be mapped to RAM because address size (32) is larger than maximum supported(18)
INFO: [Synth 8-5545] ROM "data_reg[16]" won't be mapped to RAM because address size (32) is larger than maximum supported(18)
INFO: [Synth 8-5545] ROM "data_reg[15]" won't be mapped to RAM because address size (32) is larger than maximum supported(18)
INFO: [Synth 8-5545] ROM "data_reg[14]" won't be mapped to RAM because address size (32) is larger than maximum supported(18)
INFO: [Synth 8-5545] ROM "data_reg[13]" won't be mapped to RAM because address size (32) is larger than maximum supported(18)
INFO: [Synth 8-5545] ROM "data_reg[12]" won't be mapped to RAM because address size (32) is larger than maximum supported(18)
INFO: [Synth 8-5545] ROM "data_reg[11]" won't be mapped to RAM because address size (32) is larger than maximum supported(18)
INFO: [Synth 8-5545] ROM "data_reg[10]" won't be mapped to RAM because address size (32) is larger than maximum supported(18)
INFO: [Synth 8-5545] ROM "data_reg[9]" won't be mapped to RAM because address size (32) is larger than maximum supported(18)
INFO: [Synth 8-5545] ROM "data_reg[8]" won't be mapped to RAM because address size (32) is larger than maximum supported(18)
INFO: [Synth 8-5545] ROM "data_reg[7]" won't be mapped to RAM because address size (32) is larger than maximum supported(18)
INFO: [Synth 8-5545] ROM "data_reg[6]" won't be mapped to RAM because address size (32) is larger than maximum supported(18)
INFO: [Synth 8-5545] ROM "data_reg[5]" won't be mapped to RAM because address size (32) is larger than maximum supported(18)
INFO: [Synth 8-5545] ROM "data_reg[4]" won't be mapped to RAM because address size (32) is larger than maximum supported(18)
INFO: [Synth 8-5545] ROM "data_reg[3]" won't be mapped to RAM because address size (32) is larger than maximum supported(18)
INFO: [Synth 8-5545] ROM "data_reg[2]" won't be mapped to RAM because address size (32) is larger than maximum supported(18)
INFO: [Synth 8-5545] ROM "data_reg[1]" won't be mapped to RAM because address size (32) is larger than maximum supported(18)
INFO: [Synth 8-5545] ROM "data_reg[0]" won't be mapped to RAM because address size (32) is larger than maximum supported(18)
---------------------------------------------------------------------------------
Finished RTL Optimization Phase 2 : Time (s): cpu = 00:00:09 ; elapsed = 00:00:09 . Memory (MB): peak = 396.039 ; gain = 219.156
---------------------------------------------------------------------------------

Report RTL Partitions: 
+-+--------------+------------+----------+
| |RTL Partition |Replication |Instances |
+-+--------------+------------+----------+
+-+--------------+------------+----------+
No constraint files found.
---------------------------------------------------------------------------------
Start RTL Component Statistics 
---------------------------------------------------------------------------------
Detailed RTL Component Info : 
+---Adders : 
	   3 Input     32 Bit       Adders := 1     
	   2 Input     32 Bit       Adders := 2     
+---Registers : 
	               32 Bit    Registers := 16    
+---Muxes : 
	   2 Input     32 Bit        Muxes := 6     
	   6 Input     32 Bit        Muxes := 1     
	   2 Input      5 Bit        Muxes := 1     
	   6 Input      3 Bit        Muxes := 1     
	   2 Input      1 Bit        Muxes := 17    
---------------------------------------------------------------------------------
Finished RTL Component Statistics 
---------------------------------------------------------------------------------
---------------------------------------------------------------------------------
Start RTL Hierarchical Component Statistics 
---------------------------------------------------------------------------------
Hierarchical RTL Component report 
Module cpu 
Detailed RTL Component Info : 
+---Registers : 
	               32 Bit    Registers := 1     
+---Muxes : 
	   2 Input     32 Bit        Muxes := 1     
Module inst_mem 
Detailed RTL Component Info : 
+---Registers : 
	               32 Bit    Registers := 14    
Module control_unit 
Detailed RTL Component Info : 
+---Muxes : 
	   6 Input      3 Bit        Muxes := 1     
Module mux_5 
Detailed RTL Component Info : 
+---Muxes : 
	   2 Input      5 Bit        Muxes := 1     
Module reg_file 
Detailed RTL Component Info : 
+---Muxes : 
	   2 Input      1 Bit        Muxes := 16    
Module mux_32 
Detailed RTL Component Info : 
+---Muxes : 
	   2 Input     32 Bit        Muxes := 1     
Module alu 
Detailed RTL Component Info : 
+---Adders : 
	   3 Input     32 Bit       Adders := 1     
+---Muxes : 
	   6 Input     32 Bit        Muxes := 1     
	   2 Input      1 Bit        Muxes := 1     
Module next_pc 
Detailed RTL Component Info : 
+---Adders : 
	   2 Input     32 Bit       Adders := 2     
+---Registers : 
	               32 Bit    Registers := 1     
---------------------------------------------------------------------------------
Finished RTL Hierarchical Component Statistics
---------------------------------------------------------------------------------
---------------------------------------------------------------------------------
Start Part Resource Summary
---------------------------------------------------------------------------------
Part Resources:
DSPs: 740 (col length:100)
BRAMs: 730 (col length: RAMB18 100 RAMB36 50)
---------------------------------------------------------------------------------
Finished Part Resource Summary
---------------------------------------------------------------------------------
Start Parallel Synthesis Optimization  : Time (s): cpu = 00:00:11 ; elapsed = 00:00:11 . Memory (MB): peak = 476.574 ; gain = 299.691
---------------------------------------------------------------------------------
Start Cross Boundary Optimization
---------------------------------------------------------------------------------
INFO: [Synth 8-5545] ROM "data_reg[63]" won't be mapped to RAM because address size (32) is larger than maximum supported(18)
INFO: [Synth 8-5545] ROM "data_reg[62]" won't be mapped to RAM because address size (32) is larger than maximum supported(18)
INFO: [Synth 8-5545] ROM "data_reg[61]" won't be mapped to RAM because address size (32) is larger than maximum supported(18)
INFO: [Synth 8-5545] ROM "data_reg[60]" won't be mapped to RAM because address size (32) is larger than maximum supported(18)
INFO: [Synth 8-5545] ROM "data_reg[59]" won't be mapped to RAM because address size (32) is larger than maximum supported(18)
INFO: [Synth 8-5545] ROM "data_reg[58]" won't be mapped to RAM because address size (32) is larger than maximum supported(18)
INFO: [Synth 8-5545] ROM "data_reg[57]" won't be mapped to RAM because address size (32) is larger than maximum supported(18)
INFO: [Synth 8-5545] ROM "data_reg[56]" won't be mapped to RAM because address size (32) is larger than maximum supported(18)
INFO: [Synth 8-5545] ROM "data_reg[55]" won't be mapped to RAM because address size (32) is larger than maximum supported(18)
INFO: [Synth 8-5545] ROM "data_reg[54]" won't be mapped to RAM because address size (32) is larger than maximum supported(18)
INFO: [Synth 8-5545] ROM "data_reg[53]" won't be mapped to RAM because address size (32) is larger than maximum supported(18)
INFO: [Synth 8-5545] ROM "data_reg[52]" won't be mapped to RAM because address size (32) is larger than maximum supported(18)
INFO: [Synth 8-5545] ROM "data_reg[51]" won't be mapped to RAM because address size (32) is larger than maximum supported(18)
INFO: [Synth 8-5545] ROM "data_reg[50]" won't be mapped to RAM because address size (32) is larger than maximum supported(18)
INFO: [Synth 8-5545] ROM "data_reg[49]" won't be mapped to RAM because address size (32) is larger than maximum supported(18)
INFO: [Synth 8-5545] ROM "data_reg[48]" won't be mapped to RAM because address size (32) is larger than maximum supported(18)
INFO: [Synth 8-5545] ROM "data_reg[47]" won't be mapped to RAM because address size (32) is larger than maximum supported(18)
INFO: [Synth 8-5545] ROM "data_reg[46]" won't be mapped to RAM because address size (32) is larger than maximum supported(18)
INFO: [Synth 8-5545] ROM "data_reg[45]" won't be mapped to RAM because address size (32) is larger than maximum supported(18)
INFO: [Synth 8-5545] ROM "data_reg[44]" won't be mapped to RAM because address size (32) is larger than maximum supported(18)
INFO: [Synth 8-5545] ROM "data_reg[43]" won't be mapped to RAM because address size (32) is larger than maximum supported(18)
INFO: [Synth 8-5545] ROM "data_reg[42]" won't be mapped to RAM because address size (32) is larger than maximum supported(18)
INFO: [Synth 8-5545] ROM "data_reg[41]" won't be mapped to RAM because address size (32) is larger than maximum supported(18)
INFO: [Synth 8-5545] ROM "data_reg[40]" won't be mapped to RAM because address size (32) is larger than maximum supported(18)
INFO: [Synth 8-5545] ROM "data_reg[39]" won't be mapped to RAM because address size (32) is larger than maximum supported(18)
INFO: [Synth 8-5545] ROM "data_reg[38]" won't be mapped to RAM because address size (32) is larger than maximum supported(18)
INFO: [Synth 8-5545] ROM "data_reg[37]" won't be mapped to RAM because address size (32) is larger than maximum supported(18)
INFO: [Synth 8-5545] ROM "data_reg[36]" won't be mapped to RAM because address size (32) is larger than maximum supported(18)
INFO: [Synth 8-5545] ROM "data_reg[35]" won't be mapped to RAM because address size (32) is larger than maximum supported(18)
INFO: [Synth 8-5545] ROM "data_reg[34]" won't be mapped to RAM because address size (32) is larger than maximum supported(18)
INFO: [Synth 8-5545] ROM "data_reg[33]" won't be mapped to RAM because address size (32) is larger than maximum supported(18)
INFO: [Synth 8-5545] ROM "data_reg[32]" won't be mapped to RAM because address size (32) is larger than maximum supported(18)
INFO: [Synth 8-5545] ROM "data_reg[31]" won't be mapped to RAM because address size (32) is larger than maximum supported(18)
INFO: [Synth 8-5545] ROM "data_reg[30]" won't be mapped to RAM because address size (32) is larger than maximum supported(18)
INFO: [Synth 8-5545] ROM "data_reg[29]" won't be mapped to RAM because address size (32) is larger than maximum supported(18)
INFO: [Synth 8-5545] ROM "data_reg[28]" won't be mapped to RAM because address size (32) is larger than maximum supported(18)
INFO: [Common 17-14] Message 'Synth 8-5545' appears 100 times and further instances of the messages will be disabled. Use the Tcl command set_msg_config to change the current settings.
---------------------------------------------------------------------------------
Finished Cross Boundary Optimization : Time (s): cpu = 00:00:12 ; elapsed = 00:00:12 . Memory (MB): peak = 477.934 ; gain = 301.051
---------------------------------------------------------------------------------
Finished Parallel Reinference  : Time (s): cpu = 00:00:12 ; elapsed = 00:00:12 . Memory (MB): peak = 477.934 ; gain = 301.051

Report RTL Partitions: 
+-+--------------+------------+----------+
| |RTL Partition |Replication |Instances |
+-+--------------+------------+----------+
+-+--------------+------------+----------+
No constraint files found.
WARNING: [Synth 8-3332] Sequential element (\INST_MEM/inst_mem_reg[15][31] ) is unused and will be removed from module cpu.
WARNING: [Synth 8-3332] Sequential element (\INST_MEM/inst_mem_reg[15][30] ) is unused and will be removed from module cpu.
WARNING: [Synth 8-3332] Sequential element (\INST_MEM/inst_mem_reg[15][29] ) is unused and will be removed from module cpu.
WARNING: [Synth 8-3332] Sequential element (\INST_MEM/inst_mem_reg[15][28] ) is unused and will be removed from module cpu.
WARNING: [Synth 8-3332] Sequential element (\INST_MEM/inst_mem_reg[15][27] ) is unused and will be removed from module cpu.
WARNING: [Synth 8-3332] Sequential element (\INST_MEM/inst_mem_reg[15][26] ) is unused and will be removed from module cpu.
WARNING: [Synth 8-3332] Sequential element (\INST_MEM/inst_mem_reg[15][25] ) is unused and will be removed from module cpu.
WARNING: [Synth 8-3332] Sequential element (\INST_MEM/inst_mem_reg[15][24] ) is unused and will be removed from module cpu.
WARNING: [Synth 8-3332] Sequential element (\INST_MEM/inst_mem_reg[15][23] ) is unused and will be removed from module cpu.
WARNING: [Synth 8-3332] Sequential element (\INST_MEM/inst_mem_reg[15][22] ) is unused and will be removed from module cpu.
WARNING: [Synth 8-3332] Sequential element (\INST_MEM/inst_mem_reg[15][21] ) is unused and will be removed from module cpu.
WARNING: [Synth 8-3332] Sequential element (\INST_MEM/inst_mem_reg[15][20] ) is unused and will be removed from module cpu.
WARNING: [Synth 8-3332] Sequential element (\INST_MEM/inst_mem_reg[15][19] ) is unused and will be removed from module cpu.
WARNING: [Synth 8-3332] Sequential element (\INST_MEM/inst_mem_reg[15][18] ) is unused and will be removed from module cpu.
WARNING: [Synth 8-3332] Sequential element (\INST_MEM/inst_mem_reg[15][17] ) is unused and will be removed from module cpu.
WARNING: [Synth 8-3332] Sequential element (\INST_MEM/inst_mem_reg[15][16] ) is unused and will be removed from module cpu.
WARNING: [Synth 8-3332] Sequential element (\INST_MEM/inst_mem_reg[15][15] ) is unused and will be removed from module cpu.
WARNING: [Synth 8-3332] Sequential element (\INST_MEM/inst_mem_reg[15][14] ) is unused and will be removed from module cpu.
WARNING: [Synth 8-3332] Sequential element (\INST_MEM/inst_mem_reg[15][13] ) is unused and will be removed from module cpu.
WARNING: [Synth 8-3332] Sequential element (\INST_MEM/inst_mem_reg[15][12] ) is unused and will be removed from module cpu.
WARNING: [Synth 8-3332] Sequential element (\INST_MEM/inst_mem_reg[15][11] ) is unused and will be removed from module cpu.
WARNING: [Synth 8-3332] Sequential element (\INST_MEM/inst_mem_reg[15][10] ) is unused and will be removed from module cpu.
WARNING: [Synth 8-3332] Sequential element (\INST_MEM/inst_mem_reg[15][9] ) is unused and will be removed from module cpu.
WARNING: [Synth 8-3332] Sequential element (\INST_MEM/inst_mem_reg[15][8] ) is unused and will be removed from module cpu.
WARNING: [Synth 8-3332] Sequential element (\INST_MEM/inst_mem_reg[15][7] ) is unused and will be removed from module cpu.
WARNING: [Synth 8-3332] Sequential element (\INST_MEM/inst_mem_reg[15][6] ) is unused and will be removed from module cpu.
WARNING: [Synth 8-3332] Sequential element (\INST_MEM/inst_mem_reg[15][5] ) is unused and will be removed from module cpu.
WARNING: [Synth 8-3332] Sequential element (\INST_MEM/inst_mem_reg[15][4] ) is unused and will be removed from module cpu.
WARNING: [Synth 8-3332] Sequential element (\INST_MEM/inst_mem_reg[15][3] ) is unused and will be removed from module cpu.
WARNING: [Synth 8-3332] Sequential element (\INST_MEM/inst_mem_reg[15][2] ) is unused and will be removed from module cpu.
WARNING: [Synth 8-3332] Sequential element (\INST_MEM/inst_mem_reg[15][1] ) is unused and will be removed from module cpu.
WARNING: [Synth 8-3332] Sequential element (\INST_MEM/inst_mem_reg[15][0] ) is unused and will be removed from module cpu.
WARNING: [Synth 8-3332] Sequential element (\INST_MEM/inst_mem_reg[12][31] ) is unused and will be removed from module cpu.
WARNING: [Synth 8-3332] Sequential element (\INST_MEM/inst_mem_reg[12][30] ) is unused and will be removed from module cpu.
WARNING: [Synth 8-3332] Sequential element (\INST_MEM/inst_mem_reg[12][29] ) is unused and will be removed from module cpu.
WARNING: [Synth 8-3332] Sequential element (\INST_MEM/inst_mem_reg[12][28] ) is unused and will be removed from module cpu.
WARNING: [Synth 8-3332] Sequential element (\INST_MEM/inst_mem_reg[12][27] ) is unused and will be removed from module cpu.
WARNING: [Synth 8-3332] Sequential element (\INST_MEM/inst_mem_reg[12][26] ) is unused and will be removed from module cpu.
WARNING: [Synth 8-3332] Sequential element (\INST_MEM/inst_mem_reg[12][25] ) is unused and will be removed from module cpu.
WARNING: [Synth 8-3332] Sequential element (\INST_MEM/inst_mem_reg[12][24] ) is unused and will be removed from module cpu.
WARNING: [Synth 8-3332] Sequential element (\INST_MEM/inst_mem_reg[12][23] ) is unused and will be removed from module cpu.
WARNING: [Synth 8-3332] Sequential element (\INST_MEM/inst_mem_reg[12][22] ) is unused and will be removed from module cpu.
WARNING: [Synth 8-3332] Sequential element (\INST_MEM/inst_mem_reg[12][21] ) is unused and will be removed from module cpu.
WARNING: [Synth 8-3332] Sequential element (\INST_MEM/inst_mem_reg[12][20] ) is unused and will be removed from module cpu.
WARNING: [Synth 8-3332] Sequential element (\INST_MEM/inst_mem_reg[12][19] ) is unused and will be removed from module cpu.
WARNING: [Synth 8-3332] Sequential element (\INST_MEM/inst_mem_reg[12][18] ) is unused and will be removed from module cpu.
WARNING: [Synth 8-3332] Sequential element (\INST_MEM/inst_mem_reg[12][17] ) is unused and will be removed from module cpu.
WARNING: [Synth 8-3332] Sequential element (\INST_MEM/inst_mem_reg[12][16] ) is unused and will be removed from module cpu.
WARNING: [Synth 8-3332] Sequential element (\INST_MEM/inst_mem_reg[12][15] ) is unused and will be removed from module cpu.
WARNING: [Synth 8-3332] Sequential element (\INST_MEM/inst_mem_reg[12][14] ) is unused and will be removed from module cpu.
WARNING: [Synth 8-3332] Sequential element (\INST_MEM/inst_mem_reg[12][13] ) is unused and will be removed from module cpu.
WARNING: [Synth 8-3332] Sequential element (\INST_MEM/inst_mem_reg[12][12] ) is unused and will be removed from module cpu.
WARNING: [Synth 8-3332] Sequential element (\INST_MEM/inst_mem_reg[12][11] ) is unused and will be removed from module cpu.
WARNING: [Synth 8-3332] Sequential element (\INST_MEM/inst_mem_reg[12][10] ) is unused and will be removed from module cpu.
WARNING: [Synth 8-3332] Sequential element (\INST_MEM/inst_mem_reg[12][9] ) is unused and will be removed from module cpu.
WARNING: [Synth 8-3332] Sequential element (\INST_MEM/inst_mem_reg[12][8] ) is unused and will be removed from module cpu.
WARNING: [Synth 8-3332] Sequential element (\INST_MEM/inst_mem_reg[12][7] ) is unused and will be removed from module cpu.
WARNING: [Synth 8-3332] Sequential element (\INST_MEM/inst_mem_reg[12][6] ) is unused and will be removed from module cpu.
WARNING: [Synth 8-3332] Sequential element (\INST_MEM/inst_mem_reg[12][5] ) is unused and will be removed from module cpu.
WARNING: [Synth 8-3332] Sequential element (\INST_MEM/inst_mem_reg[12][4] ) is unused and will be removed from module cpu.
WARNING: [Synth 8-3332] Sequential element (\INST_MEM/inst_mem_reg[12][3] ) is unused and will be removed from module cpu.
WARNING: [Synth 8-3332] Sequential element (\INST_MEM/inst_mem_reg[12][2] ) is unused and will be removed from module cpu.
WARNING: [Synth 8-3332] Sequential element (\INST_MEM/inst_mem_reg[12][1] ) is unused and will be removed from module cpu.
WARNING: [Synth 8-3332] Sequential element (\INST_MEM/inst_mem_reg[12][0] ) is unused and will be removed from module cpu.
WARNING: [Synth 8-3332] Sequential element (\INST_MEM/inst_mem_reg[11][31] ) is unused and will be removed from module cpu.
WARNING: [Synth 8-3332] Sequential element (\INST_MEM/inst_mem_reg[11][30] ) is unused and will be removed from module cpu.
WARNING: [Synth 8-3332] Sequential element (\INST_MEM/inst_mem_reg[11][29] ) is unused and will be removed from module cpu.
WARNING: [Synth 8-3332] Sequential element (\INST_MEM/inst_mem_reg[11][28] ) is unused and will be removed from module cpu.
WARNING: [Synth 8-3332] Sequential element (\INST_MEM/inst_mem_reg[11][27] ) is unused and will be removed from module cpu.
WARNING: [Synth 8-3332] Sequential element (\INST_MEM/inst_mem_reg[11][26] ) is unused and will be removed from module cpu.
WARNING: [Synth 8-3332] Sequential element (\INST_MEM/inst_mem_reg[11][25] ) is unused and will be removed from module cpu.
WARNING: [Synth 8-3332] Sequential element (\INST_MEM/inst_mem_reg[11][24] ) is unused and will be removed from module cpu.
WARNING: [Synth 8-3332] Sequential element (\INST_MEM/inst_mem_reg[11][23] ) is unused and will be removed from module cpu.
WARNING: [Synth 8-3332] Sequential element (\INST_MEM/inst_mem_reg[11][22] ) is unused and will be removed from module cpu.
WARNING: [Synth 8-3332] Sequential element (\INST_MEM/inst_mem_reg[11][21] ) is unused and will be removed from module cpu.
WARNING: [Synth 8-3332] Sequential element (\INST_MEM/inst_mem_reg[11][20] ) is unused and will be removed from module cpu.
WARNING: [Synth 8-3332] Sequential element (\INST_MEM/inst_mem_reg[11][19] ) is unused and will be removed from module cpu.
WARNING: [Synth 8-3332] Sequential element (\INST_MEM/inst_mem_reg[11][18] ) is unused and will be removed from module cpu.
WARNING: [Synth 8-3332] Sequential element (\INST_MEM/inst_mem_reg[11][17] ) is unused and will be removed from module cpu.
WARNING: [Synth 8-3332] Sequential element (\INST_MEM/inst_mem_reg[11][16] ) is unused and will be removed from module cpu.
WARNING: [Synth 8-3332] Sequential element (\INST_MEM/inst_mem_reg[11][15] ) is unused and will be removed from module cpu.
WARNING: [Synth 8-3332] Sequential element (\INST_MEM/inst_mem_reg[11][14] ) is unused and will be removed from module cpu.
WARNING: [Synth 8-3332] Sequential element (\INST_MEM/inst_mem_reg[11][13] ) is unused and will be removed from module cpu.
WARNING: [Synth 8-3332] Sequential element (\INST_MEM/inst_mem_reg[11][12] ) is unused and will be removed from module cpu.
WARNING: [Synth 8-3332] Sequential element (\INST_MEM/inst_mem_reg[11][11] ) is unused and will be removed from module cpu.
WARNING: [Synth 8-3332] Sequential element (\INST_MEM/inst_mem_reg[11][10] ) is unused and will be removed from module cpu.
WARNING: [Synth 8-3332] Sequential element (\INST_MEM/inst_mem_reg[11][9] ) is unused and will be removed from module cpu.
WARNING: [Synth 8-3332] Sequential element (\INST_MEM/inst_mem_reg[11][8] ) is unused and will be removed from module cpu.
WARNING: [Synth 8-3332] Sequential element (\INST_MEM/inst_mem_reg[11][7] ) is unused and will be removed from module cpu.
WARNING: [Synth 8-3332] Sequential element (\INST_MEM/inst_mem_reg[11][6] ) is unused and will be removed from module cpu.
WARNING: [Synth 8-3332] Sequential element (\INST_MEM/inst_mem_reg[11][5] ) is unused and will be removed from module cpu.
WARNING: [Synth 8-3332] Sequential element (\INST_MEM/inst_mem_reg[11][4] ) is unused and will be removed from module cpu.
WARNING: [Synth 8-3332] Sequential element (\INST_MEM/inst_mem_reg[11][3] ) is unused and will be removed from module cpu.
WARNING: [Synth 8-3332] Sequential element (\INST_MEM/inst_mem_reg[11][2] ) is unused and will be removed from module cpu.
WARNING: [Synth 8-3332] Sequential element (\INST_MEM/inst_mem_reg[11][1] ) is unused and will be removed from module cpu.
WARNING: [Synth 8-3332] Sequential element (\INST_MEM/inst_mem_reg[11][0] ) is unused and will be removed from module cpu.
WARNING: [Synth 8-3332] Sequential element (\INST_MEM/inst_mem_reg[10][31] ) is unused and will be removed from module cpu.
WARNING: [Synth 8-3332] Sequential element (\INST_MEM/inst_mem_reg[10][30] ) is unused and will be removed from module cpu.
WARNING: [Synth 8-3332] Sequential element (\INST_MEM/inst_mem_reg[10][29] ) is unused and will be removed from module cpu.
WARNING: [Synth 8-3332] Sequential element (\INST_MEM/inst_mem_reg[10][28] ) is unused and will be removed from module cpu.
INFO: [Common 17-14] Message 'Synth 8-3332' appears 100 times and further instances of the messages will be disabled. Use the Tcl command set_msg_config to change the current settings.
---------------------------------------------------------------------------------
Start Area Optimization
---------------------------------------------------------------------------------
---------------------------------------------------------------------------------
Finished Area Optimization : Time (s): cpu = 00:00:12 ; elapsed = 00:00:13 . Memory (MB): peak = 477.934 ; gain = 301.051
---------------------------------------------------------------------------------
Finished Parallel Area Optimization  : Time (s): cpu = 00:00:12 ; elapsed = 00:00:13 . Memory (MB): peak = 477.934 ; gain = 301.051

Report RTL Partitions: 
+-+--------------+------------+----------+
| |RTL Partition |Replication |Instances |
+-+--------------+------------+----------+
+-+--------------+------------+----------+
Finished Parallel Synthesis Optimization  : Time (s): cpu = 00:00:12 ; elapsed = 00:00:13 . Memory (MB): peak = 477.934 ; gain = 301.051
---------------------------------------------------------------------------------
Start Timing Optimization
---------------------------------------------------------------------------------
No constraint files found.
---------------------------------------------------------------------------------
Finished Timing Optimization : Time (s): cpu = 00:00:12 ; elapsed = 00:00:13 . Memory (MB): peak = 477.934 ; gain = 301.051
---------------------------------------------------------------------------------

Report RTL Partitions: 
+-+--------------+------------+----------+
| |RTL Partition |Replication |Instances |
+-+--------------+------------+----------+
+-+--------------+------------+----------+
---------------------------------------------------------------------------------
Start Technology Mapping
---------------------------------------------------------------------------------
---------------------------------------------------------------------------------
Finished Technology Mapping : Time (s): cpu = 00:00:12 ; elapsed = 00:00:13 . Memory (MB): peak = 477.934 ; gain = 301.051
---------------------------------------------------------------------------------

Report RTL Partitions: 
+-+--------------+------------+----------+
| |RTL Partition |Replication |Instances |
+-+--------------+------------+----------+
+-+--------------+------------+----------+
---------------------------------------------------------------------------------
Start IO Insertion
---------------------------------------------------------------------------------
---------------------------------------------------------------------------------
Start Final Netlist Cleanup
---------------------------------------------------------------------------------
---------------------------------------------------------------------------------
Finished Final Netlist Cleanup
---------------------------------------------------------------------------------
---------------------------------------------------------------------------------
Finished IO Insertion : Time (s): cpu = 00:00:13 ; elapsed = 00:00:13 . Memory (MB): peak = 477.934 ; gain = 301.051
---------------------------------------------------------------------------------

Report Check Netlist: 
+------+------------------+-------+---------+-------+------------------+
|      |Item              |Errors |Warnings |Status |Description       |
+------+------------------+-------+---------+-------+------------------+
|1     |multi_driven_nets |      0|        0|Passed |Multi driven nets |
+------+------------------+-------+---------+-------+------------------+
---------------------------------------------------------------------------------
Start Renaming Generated Instances
---------------------------------------------------------------------------------
---------------------------------------------------------------------------------
Finished Renaming Generated Instances : Time (s): cpu = 00:00:13 ; elapsed = 00:00:13 . Memory (MB): peak = 477.934 ; gain = 301.051
---------------------------------------------------------------------------------

Report RTL Partitions: 
+-+--------------+------------+----------+
| |RTL Partition |Replication |Instances |
+-+--------------+------------+----------+
+-+--------------+------------+----------+
---------------------------------------------------------------------------------
Start Rebuilding User Hierarchy
---------------------------------------------------------------------------------
---------------------------------------------------------------------------------
Finished Rebuilding User Hierarchy : Time (s): cpu = 00:00:13 ; elapsed = 00:00:13 . Memory (MB): peak = 477.934 ; gain = 301.051
---------------------------------------------------------------------------------
---------------------------------------------------------------------------------
Start Renaming Generated Ports : Time (s): cpu = 00:00:13 ; elapsed = 00:00:13 . Memory (MB): peak = 477.934 ; gain = 301.051
---------------------------------------------------------------------------------
---------------------------------------------------------------------------------
Finished Renaming Generated Ports : Time (s): cpu = 00:00:13 ; elapsed = 00:00:13 . Memory (MB): peak = 477.934 ; gain = 301.051
---------------------------------------------------------------------------------
---------------------------------------------------------------------------------
Start Writing Synthesis Report
---------------------------------------------------------------------------------

Report BlackBoxes: 
+-+--------------+----------+
| |BlackBox name |Instances |
+-+--------------+----------+
+-+--------------+----------+

Report Cell Usage: 
+-+-----+------+
| |Cell |Count |
+-+-----+------+
+-+-----+------+

Report Instance Areas: 
+------+---------+-------+------+
|      |Instance |Module |Cells |
+------+---------+-------+------+
|1     |top      |       |     0|
+------+---------+-------+------+
---------------------------------------------------------------------------------
Finished Writing Synthesis Report : Time (s): cpu = 00:00:13 ; elapsed = 00:00:13 . Memory (MB): peak = 477.934 ; gain = 301.051
---------------------------------------------------------------------------------
Synthesis finished with 0 errors, 0 critical warnings and 5634 warnings.
Synthesis Optimization Runtime : Time (s): cpu = 00:00:11 ; elapsed = 00:00:10 . Memory (MB): peak = 477.934 ; gain = 268.945
Synthesis Optimization Complete : Time (s): cpu = 00:00:13 ; elapsed = 00:00:13 . Memory (MB): peak = 477.934 ; gain = 301.051
INFO: [Project 1-571] Translating synthesized netlist
INFO: [Project 1-570] Preparing netlist for logic optimization
INFO: [Opt 31-138] Pushed 0 inverter(s) to 0 load pin(s).
INFO: [Project 1-111] Unisim Transformation Summary:
No Unisim elements were transformed.

INFO: [Common 17-83] Releasing license: Synthesis
148 Infos, 102 Warnings, 0 Critical Warnings and 0 Errors encountered.
synth_design completed successfully
synth_design: Time (s): cpu = 00:00:12 ; elapsed = 00:00:12 . Memory (MB): peak = 541.137 ; gain = 332.383
report_utilization: Time (s): cpu = 00:00:00 ; elapsed = 00:00:00.077 . Memory (MB): peak = 541.137 ; gain = 0.000
INFO: [Common 17-206] Exiting Vivado at Sun Dec 25 11:14:31 2016...
